@!@!@STARTMSG 2262:0 @!@!@
TLC2 Version 2.16 of 31 December 2020 (rev: cdddf55)
@!@!@ENDMSG 2262 @!@!@
@!@!@STARTMSG 2187:0 @!@!@
Running breadth-first search Model-Checking with fp 43 and seed -2020332979162772532 with 4 workers on 8 cores with 608MB heap and 1365MB offheap memory [pid: 77155] (Mac OS X 10.16 x86_64, AdoptOpenJDK 14.0.1 x86_64, OffHeapDiskFPSet, DiskStateQueue).
@!@!@ENDMSG 2187 @!@!@
@!@!@STARTMSG 2220:0 @!@!@
Starting SANY...
@!@!@ENDMSG 2220 @!@!@
Parsing file /Users/amithabh_a/dev/tla/specs/ThreeProgramAsynchronous.toolbox/Model_1/MC.tla
Parsing file /Users/amithabh_a/dev/tla/specs/ThreeProgramAsynchronous.toolbox/Model_1/ThreeProgramAsynchronous.tla
Parsing file /Applications/TLA+ Toolbox.app/Contents/Eclipse/plugins/org.lamport.tlatools_1.0.0.202012311918/tla2sany/StandardModules/TLC.tla
Parsing file /Applications/TLA+ Toolbox.app/Contents/Eclipse/plugins/org.lamport.tlatools_1.0.0.202012311918/tla2sany/StandardModules/Integers.tla
Parsing file /Applications/TLA+ Toolbox.app/Contents/Eclipse/plugins/org.lamport.tlatools_1.0.0.202012311918/tla2sany/StandardModules/Naturals.tla
Parsing file /Applications/TLA+ Toolbox.app/Contents/Eclipse/plugins/org.lamport.tlatools_1.0.0.202012311918/tla2sany/StandardModules/Sequences.tla
Parsing file /Applications/TLA+ Toolbox.app/Contents/Eclipse/plugins/org.lamport.tlatools_1.0.0.202012311918/tla2sany/StandardModules/FiniteSets.tla
Semantic processing of module Naturals
Semantic processing of module Integers
Semantic processing of module ThreeProgramAsynchronous
Semantic processing of module Sequences
Semantic processing of module FiniteSets
Semantic processing of module TLC
Semantic processing of module MC
@!@!@STARTMSG 2219:0 @!@!@
SANY finished.
@!@!@ENDMSG 2219 @!@!@
@!@!@STARTMSG 2185:0 @!@!@
Starting... (2024-02-20 19:18:03)
@!@!@ENDMSG 2185 @!@!@
@!@!@STARTMSG 2189:0 @!@!@
Computing initial states...
@!@!@ENDMSG 2189 @!@!@
@!@!@STARTMSG 2190:0 @!@!@
Finished computing initial states: 1 distinct state generated at 2024-02-20 19:18:04.
@!@!@ENDMSG 2190 @!@!@
@!@!@STARTMSG 2200:0 @!@!@
Progress(28) at 2024-02-20 19:18:07: 362,215 states generated (362,215 s/min), 157,724 distinct states found (157,724 ds/min), 36,863 states left on queue.
@!@!@ENDMSG 2200 @!@!@
@!@!@STARTMSG 2114:1 @!@!@
Deadlock reached.
@!@!@ENDMSG 2114 @!@!@
@!@!@STARTMSG 2121:1 @!@!@
The behavior up to this point is:
@!@!@ENDMSG 2121 @!@!@
@!@!@STARTMSG 2217:4 @!@!@
1: <Initial predicate>
/\ k1 = 1
/\ x = 0
/\ k2 = 1
/\ k3 = 1
/\ r1 = 0
/\ r2 = 0
/\ r3 = 0
/\ pc1 = 0
/\ pc2 = 0
/\ pc3 = 0

@!@!@ENDMSG 2217 @!@!@
@!@!@STARTMSG 2217:4 @!@!@
2: <Next line 132, col 13 to line 132, col 61 of module ThreeProgramAsynchronous>
/\ k1 = 2
/\ x = 0
/\ k2 = 1
/\ k3 = 1
/\ r1 = 0
/\ r2 = 0
/\ r3 = 0
/\ pc1 = 1
/\ pc2 = 0
/\ pc3 = 0

@!@!@ENDMSG 2217 @!@!@
@!@!@STARTMSG 2217:4 @!@!@
3: <Next line 132, col 13 to line 132, col 61 of module ThreeProgramAsynchronous>
/\ k1 = 2
/\ x = 0
/\ k2 = 1
/\ k3 = 1
/\ r1 = 0
/\ r2 = 0
/\ r3 = 0
/\ pc1 = 2
/\ pc2 = 0
/\ pc3 = 0

@!@!@ENDMSG 2217 @!@!@
@!@!@STARTMSG 2217:4 @!@!@
4: <Next line 132, col 13 to line 132, col 61 of module ThreeProgramAsynchronous>
/\ k1 = 2
/\ x = 0
/\ k2 = 1
/\ k3 = 1
/\ r1 = 1
/\ r2 = 0
/\ r3 = 0
/\ pc1 = 3
/\ pc2 = 0
/\ pc3 = 0

@!@!@ENDMSG 2217 @!@!@
@!@!@STARTMSG 2217:4 @!@!@
5: <Next line 132, col 13 to line 132, col 61 of module ThreeProgramAsynchronous>
/\ k1 = 2
/\ x = 1
/\ k2 = 1
/\ k3 = 1
/\ r1 = 1
/\ r2 = 0
/\ r3 = 0
/\ pc1 = 0
/\ pc2 = 0
/\ pc3 = 0

@!@!@ENDMSG 2217 @!@!@
@!@!@STARTMSG 2217:4 @!@!@
6: <Next line 132, col 13 to line 132, col 61 of module ThreeProgramAsynchronous>
/\ k1 = 3
/\ x = 1
/\ k2 = 1
/\ k3 = 1
/\ r1 = 1
/\ r2 = 0
/\ r3 = 0
/\ pc1 = 1
/\ pc2 = 0
/\ pc3 = 0

@!@!@ENDMSG 2217 @!@!@
@!@!@STARTMSG 2217:4 @!@!@
7: <Next line 132, col 13 to line 132, col 61 of module ThreeProgramAsynchronous>
/\ k1 = 3
/\ x = 1
/\ k2 = 1
/\ k3 = 1
/\ r1 = 1
/\ r2 = 0
/\ r3 = 0
/\ pc1 = 2
/\ pc2 = 0
/\ pc3 = 0

@!@!@ENDMSG 2217 @!@!@
@!@!@STARTMSG 2217:4 @!@!@
8: <Next line 132, col 13 to line 132, col 61 of module ThreeProgramAsynchronous>
/\ k1 = 3
/\ x = 1
/\ k2 = 1
/\ k3 = 1
/\ r1 = 2
/\ r2 = 0
/\ r3 = 0
/\ pc1 = 3
/\ pc2 = 0
/\ pc3 = 0

@!@!@ENDMSG 2217 @!@!@
@!@!@STARTMSG 2217:4 @!@!@
9: <Next line 132, col 13 to line 132, col 61 of module ThreeProgramAsynchronous>
/\ k1 = 3
/\ x = 2
/\ k2 = 1
/\ k3 = 1
/\ r1 = 2
/\ r2 = 0
/\ r3 = 0
/\ pc1 = 0
/\ pc2 = 0
/\ pc3 = 0

@!@!@ENDMSG 2217 @!@!@
@!@!@STARTMSG 2217:4 @!@!@
10: <Next line 132, col 13 to line 132, col 61 of module ThreeProgramAsynchronous>
/\ k1 = 4
/\ x = 2
/\ k2 = 1
/\ k3 = 1
/\ r1 = 2
/\ r2 = 0
/\ r3 = 0
/\ pc1 = 1
/\ pc2 = 0
/\ pc3 = 0

@!@!@ENDMSG 2217 @!@!@
@!@!@STARTMSG 2217:4 @!@!@
11: <Next line 132, col 13 to line 132, col 61 of module ThreeProgramAsynchronous>
/\ k1 = 4
/\ x = 2
/\ k2 = 1
/\ k3 = 1
/\ r1 = 2
/\ r2 = 0
/\ r3 = 0
/\ pc1 = 2
/\ pc2 = 0
/\ pc3 = 0

@!@!@ENDMSG 2217 @!@!@
@!@!@STARTMSG 2217:4 @!@!@
12: <Next line 132, col 13 to line 132, col 61 of module ThreeProgramAsynchronous>
/\ k1 = 4
/\ x = 2
/\ k2 = 1
/\ k3 = 1
/\ r1 = 3
/\ r2 = 0
/\ r3 = 0
/\ pc1 = 3
/\ pc2 = 0
/\ pc3 = 0

@!@!@ENDMSG 2217 @!@!@
@!@!@STARTMSG 2217:4 @!@!@
13: <Next line 133, col 13 to line 133, col 61 of module ThreeProgramAsynchronous>
/\ k1 = 4
/\ x = 2
/\ k2 = 2
/\ k3 = 1
/\ r1 = 3
/\ r2 = 0
/\ r3 = 0
/\ pc1 = 3
/\ pc2 = 1
/\ pc3 = 0

@!@!@ENDMSG 2217 @!@!@
@!@!@STARTMSG 2217:4 @!@!@
14: <Next line 132, col 13 to line 132, col 61 of module ThreeProgramAsynchronous>
/\ k1 = 4
/\ x = 3
/\ k2 = 2
/\ k3 = 1
/\ r1 = 3
/\ r2 = 0
/\ r3 = 0
/\ pc1 = 0
/\ pc2 = 1
/\ pc3 = 0

@!@!@ENDMSG 2217 @!@!@
@!@!@STARTMSG 2217:4 @!@!@
15: <Next line 132, col 13 to line 132, col 61 of module ThreeProgramAsynchronous>
/\ k1 = 5
/\ x = 3
/\ k2 = 2
/\ k3 = 1
/\ r1 = 3
/\ r2 = 0
/\ r3 = 0
/\ pc1 = 1
/\ pc2 = 1
/\ pc3 = 0

@!@!@ENDMSG 2217 @!@!@
@!@!@STARTMSG 2217:4 @!@!@
16: <Next line 132, col 13 to line 132, col 61 of module ThreeProgramAsynchronous>
/\ k1 = 5
/\ x = 3
/\ k2 = 2
/\ k3 = 1
/\ r1 = 3
/\ r2 = 0
/\ r3 = 0
/\ pc1 = 2
/\ pc2 = 1
/\ pc3 = 0

@!@!@ENDMSG 2217 @!@!@
@!@!@STARTMSG 2217:4 @!@!@
17: <Next line 132, col 13 to line 132, col 61 of module ThreeProgramAsynchronous>
/\ k1 = 5
/\ x = 3
/\ k2 = 2
/\ k3 = 1
/\ r1 = 4
/\ r2 = 0
/\ r3 = 0
/\ pc1 = 3
/\ pc2 = 1
/\ pc3 = 0

@!@!@ENDMSG 2217 @!@!@
@!@!@STARTMSG 2217:4 @!@!@
18: <Next line 132, col 13 to line 132, col 61 of module ThreeProgramAsynchronous>
/\ k1 = 5
/\ x = 4
/\ k2 = 2
/\ k3 = 1
/\ r1 = 4
/\ r2 = 0
/\ r3 = 0
/\ pc1 = 0
/\ pc2 = 1
/\ pc3 = 0

@!@!@ENDMSG 2217 @!@!@
@!@!@STARTMSG 2217:4 @!@!@
19: <Next line 132, col 13 to line 132, col 61 of module ThreeProgramAsynchronous>
/\ k1 = 6
/\ x = 4
/\ k2 = 2
/\ k3 = 1
/\ r1 = 4
/\ r2 = 0
/\ r3 = 0
/\ pc1 = 1
/\ pc2 = 1
/\ pc3 = 0

@!@!@ENDMSG 2217 @!@!@
@!@!@STARTMSG 2217:4 @!@!@
20: <Next line 132, col 13 to line 132, col 61 of module ThreeProgramAsynchronous>
/\ k1 = 6
/\ x = 4
/\ k2 = 2
/\ k3 = 1
/\ r1 = 4
/\ r2 = 0
/\ r3 = 0
/\ pc1 = 2
/\ pc2 = 1
/\ pc3 = 0

@!@!@ENDMSG 2217 @!@!@
@!@!@STARTMSG 2217:4 @!@!@
21: <Next line 132, col 13 to line 132, col 61 of module ThreeProgramAsynchronous>
/\ k1 = 6
/\ x = 4
/\ k2 = 2
/\ k3 = 1
/\ r1 = 5
/\ r2 = 0
/\ r3 = 0
/\ pc1 = 3
/\ pc2 = 1
/\ pc3 = 0

@!@!@ENDMSG 2217 @!@!@
@!@!@STARTMSG 2217:4 @!@!@
22: <Next line 133, col 13 to line 133, col 61 of module ThreeProgramAsynchronous>
/\ k1 = 6
/\ x = 4
/\ k2 = 2
/\ k3 = 1
/\ r1 = 5
/\ r2 = 4
/\ r3 = 0
/\ pc1 = 3
/\ pc2 = 2
/\ pc3 = 0

@!@!@ENDMSG 2217 @!@!@
@!@!@STARTMSG 2217:4 @!@!@
23: <Next line 133, col 13 to line 133, col 61 of module ThreeProgramAsynchronous>
/\ k1 = 6
/\ x = 4
/\ k2 = 2
/\ k3 = 1
/\ r1 = 5
/\ r2 = 5
/\ r3 = 0
/\ pc1 = 3
/\ pc2 = 3
/\ pc3 = 0

@!@!@ENDMSG 2217 @!@!@
@!@!@STARTMSG 2217:4 @!@!@
24: <Next line 132, col 13 to line 132, col 61 of module ThreeProgramAsynchronous>
/\ k1 = 6
/\ x = 5
/\ k2 = 2
/\ k3 = 1
/\ r1 = 5
/\ r2 = 5
/\ r3 = 0
/\ pc1 = 0
/\ pc2 = 3
/\ pc3 = 0

@!@!@ENDMSG 2217 @!@!@
@!@!@STARTMSG 2217:4 @!@!@
25: <Next line 132, col 13 to line 132, col 61 of module ThreeProgramAsynchronous>
/\ k1 = 6
/\ x = 5
/\ k2 = 2
/\ k3 = 1
/\ r1 = 5
/\ r2 = 5
/\ r3 = 0
/\ pc1 = 4
/\ pc2 = 3
/\ pc3 = 0

@!@!@ENDMSG 2217 @!@!@
@!@!@STARTMSG 2217:4 @!@!@
26: <Next line 133, col 13 to line 133, col 61 of module ThreeProgramAsynchronous>
/\ k1 = 6
/\ x = 5
/\ k2 = 2
/\ k3 = 1
/\ r1 = 5
/\ r2 = 5
/\ r3 = 0
/\ pc1 = 4
/\ pc2 = 0
/\ pc3 = 0

@!@!@ENDMSG 2217 @!@!@
@!@!@STARTMSG 2217:4 @!@!@
27: <Next line 133, col 13 to line 133, col 61 of module ThreeProgramAsynchronous>
/\ k1 = 6
/\ x = 5
/\ k2 = 3
/\ k3 = 1
/\ r1 = 5
/\ r2 = 5
/\ r3 = 0
/\ pc1 = 4
/\ pc2 = 1
/\ pc3 = 0

@!@!@ENDMSG 2217 @!@!@
@!@!@STARTMSG 2217:4 @!@!@
28: <Next line 133, col 13 to line 133, col 61 of module ThreeProgramAsynchronous>
/\ k1 = 6
/\ x = 5
/\ k2 = 3
/\ k3 = 1
/\ r1 = 5
/\ r2 = 5
/\ r3 = 0
/\ pc1 = 4
/\ pc2 = 2
/\ pc3 = 0

@!@!@ENDMSG 2217 @!@!@
@!@!@STARTMSG 2217:4 @!@!@
29: <Next line 134, col 13 to line 134, col 61 of module ThreeProgramAsynchronous>
/\ k1 = 6
/\ x = 5
/\ k2 = 3
/\ k3 = 2
/\ r1 = 5
/\ r2 = 5
/\ r3 = 0
/\ pc1 = 4
/\ pc2 = 2
/\ pc3 = 1

@!@!@ENDMSG 2217 @!@!@
@!@!@STARTMSG 2217:4 @!@!@
30: <Next line 134, col 13 to line 134, col 61 of module ThreeProgramAsynchronous>
/\ k1 = 6
/\ x = 5
/\ k2 = 3
/\ k3 = 2
/\ r1 = 5
/\ r2 = 5
/\ r3 = 5
/\ pc1 = 4
/\ pc2 = 2
/\ pc3 = 2

@!@!@ENDMSG 2217 @!@!@
@!@!@STARTMSG 2217:4 @!@!@
31: <Next line 133, col 13 to line 133, col 61 of module ThreeProgramAsynchronous>
/\ k1 = 6
/\ x = 5
/\ k2 = 3
/\ k3 = 2
/\ r1 = 5
/\ r2 = 6
/\ r3 = 5
/\ pc1 = 4
/\ pc2 = 3
/\ pc3 = 2

@!@!@ENDMSG 2217 @!@!@
@!@!@STARTMSG 2217:4 @!@!@
32: <Next line 133, col 13 to line 133, col 61 of module ThreeProgramAsynchronous>
/\ k1 = 6
/\ x = 6
/\ k2 = 3
/\ k3 = 2
/\ r1 = 5
/\ r2 = 6
/\ r3 = 5
/\ pc1 = 4
/\ pc2 = 0
/\ pc3 = 2

@!@!@ENDMSG 2217 @!@!@
@!@!@STARTMSG 2217:4 @!@!@
33: <Next line 133, col 13 to line 133, col 61 of module ThreeProgramAsynchronous>
/\ k1 = 6
/\ x = 6
/\ k2 = 4
/\ k3 = 2
/\ r1 = 5
/\ r2 = 6
/\ r3 = 5
/\ pc1 = 4
/\ pc2 = 1
/\ pc3 = 2

@!@!@ENDMSG 2217 @!@!@
@!@!@STARTMSG 2217:4 @!@!@
34: <Next line 133, col 13 to line 133, col 61 of module ThreeProgramAsynchronous>
/\ k1 = 6
/\ x = 6
/\ k2 = 4
/\ k3 = 2
/\ r1 = 5
/\ r2 = 6
/\ r3 = 5
/\ pc1 = 4
/\ pc2 = 2
/\ pc3 = 2

@!@!@ENDMSG 2217 @!@!@
@!@!@STARTMSG 2217:4 @!@!@
35: <Next line 133, col 13 to line 133, col 61 of module ThreeProgramAsynchronous>
/\ k1 = 6
/\ x = 6
/\ k2 = 4
/\ k3 = 2
/\ r1 = 5
/\ r2 = 7
/\ r3 = 5
/\ pc1 = 4
/\ pc2 = 3
/\ pc3 = 2

@!@!@ENDMSG 2217 @!@!@
@!@!@STARTMSG 2217:4 @!@!@
36: <Next line 133, col 13 to line 133, col 61 of module ThreeProgramAsynchronous>
/\ k1 = 6
/\ x = 7
/\ k2 = 4
/\ k3 = 2
/\ r1 = 5
/\ r2 = 7
/\ r3 = 5
/\ pc1 = 4
/\ pc2 = 0
/\ pc3 = 2

@!@!@ENDMSG 2217 @!@!@
@!@!@STARTMSG 2217:4 @!@!@
37: <Next line 133, col 13 to line 133, col 61 of module ThreeProgramAsynchronous>
/\ k1 = 6
/\ x = 7
/\ k2 = 5
/\ k3 = 2
/\ r1 = 5
/\ r2 = 7
/\ r3 = 5
/\ pc1 = 4
/\ pc2 = 1
/\ pc3 = 2

@!@!@ENDMSG 2217 @!@!@
@!@!@STARTMSG 2217:4 @!@!@
38: <Next line 134, col 13 to line 134, col 61 of module ThreeProgramAsynchronous>
/\ k1 = 6
/\ x = 7
/\ k2 = 5
/\ k3 = 2
/\ r1 = 5
/\ r2 = 7
/\ r3 = 6
/\ pc1 = 4
/\ pc2 = 1
/\ pc3 = 3

@!@!@ENDMSG 2217 @!@!@
@!@!@STARTMSG 2217:4 @!@!@
39: <Next line 133, col 13 to line 133, col 61 of module ThreeProgramAsynchronous>
/\ k1 = 6
/\ x = 7
/\ k2 = 5
/\ k3 = 2
/\ r1 = 5
/\ r2 = 7
/\ r3 = 6
/\ pc1 = 4
/\ pc2 = 2
/\ pc3 = 3

@!@!@ENDMSG 2217 @!@!@
@!@!@STARTMSG 2217:4 @!@!@
40: <Next line 133, col 13 to line 133, col 61 of module ThreeProgramAsynchronous>
/\ k1 = 6
/\ x = 7
/\ k2 = 5
/\ k3 = 2
/\ r1 = 5
/\ r2 = 8
/\ r3 = 6
/\ pc1 = 4
/\ pc2 = 3
/\ pc3 = 3

@!@!@ENDMSG 2217 @!@!@
@!@!@STARTMSG 2217:4 @!@!@
41: <Next line 134, col 13 to line 134, col 61 of module ThreeProgramAsynchronous>
/\ k1 = 6
/\ x = 6
/\ k2 = 5
/\ k3 = 2
/\ r1 = 5
/\ r2 = 8
/\ r3 = 6
/\ pc1 = 4
/\ pc2 = 3
/\ pc3 = 0

@!@!@ENDMSG 2217 @!@!@
@!@!@STARTMSG 2217:4 @!@!@
42: <Next line 133, col 13 to line 133, col 61 of module ThreeProgramAsynchronous>
/\ k1 = 6
/\ x = 8
/\ k2 = 5
/\ k3 = 2
/\ r1 = 5
/\ r2 = 8
/\ r3 = 6
/\ pc1 = 4
/\ pc2 = 0
/\ pc3 = 0

@!@!@ENDMSG 2217 @!@!@
@!@!@STARTMSG 2217:4 @!@!@
43: <Next line 133, col 13 to line 133, col 61 of module ThreeProgramAsynchronous>
/\ k1 = 6
/\ x = 8
/\ k2 = 6
/\ k3 = 2
/\ r1 = 5
/\ r2 = 8
/\ r3 = 6
/\ pc1 = 4
/\ pc2 = 1
/\ pc3 = 0

@!@!@ENDMSG 2217 @!@!@
@!@!@STARTMSG 2217:4 @!@!@
44: <Next line 133, col 13 to line 133, col 61 of module ThreeProgramAsynchronous>
/\ k1 = 6
/\ x = 8
/\ k2 = 6
/\ k3 = 2
/\ r1 = 5
/\ r2 = 8
/\ r3 = 6
/\ pc1 = 4
/\ pc2 = 2
/\ pc3 = 0

@!@!@ENDMSG 2217 @!@!@
@!@!@STARTMSG 2217:4 @!@!@
45: <Next line 133, col 13 to line 133, col 61 of module ThreeProgramAsynchronous>
/\ k1 = 6
/\ x = 8
/\ k2 = 6
/\ k3 = 2
/\ r1 = 5
/\ r2 = 9
/\ r3 = 6
/\ pc1 = 4
/\ pc2 = 3
/\ pc3 = 0

@!@!@ENDMSG 2217 @!@!@
@!@!@STARTMSG 2217:4 @!@!@
46: <Next line 134, col 13 to line 134, col 61 of module ThreeProgramAsynchronous>
/\ k1 = 6
/\ x = 8
/\ k2 = 6
/\ k3 = 3
/\ r1 = 5
/\ r2 = 9
/\ r3 = 6
/\ pc1 = 4
/\ pc2 = 3
/\ pc3 = 1

@!@!@ENDMSG 2217 @!@!@
@!@!@STARTMSG 2217:4 @!@!@
47: <Next line 133, col 13 to line 133, col 61 of module ThreeProgramAsynchronous>
/\ k1 = 6
/\ x = 9
/\ k2 = 6
/\ k3 = 3
/\ r1 = 5
/\ r2 = 9
/\ r3 = 6
/\ pc1 = 4
/\ pc2 = 0
/\ pc3 = 1

@!@!@ENDMSG 2217 @!@!@
@!@!@STARTMSG 2217:4 @!@!@
48: <Next line 133, col 13 to line 133, col 61 of module ThreeProgramAsynchronous>
/\ k1 = 6
/\ x = 9
/\ k2 = 6
/\ k3 = 3
/\ r1 = 5
/\ r2 = 9
/\ r3 = 6
/\ pc1 = 4
/\ pc2 = 4
/\ pc3 = 1

@!@!@ENDMSG 2217 @!@!@
@!@!@STARTMSG 2217:4 @!@!@
49: <Next line 134, col 13 to line 134, col 61 of module ThreeProgramAsynchronous>
/\ k1 = 6
/\ x = 9
/\ k2 = 6
/\ k3 = 3
/\ r1 = 5
/\ r2 = 9
/\ r3 = 9
/\ pc1 = 4
/\ pc2 = 4
/\ pc3 = 2

@!@!@ENDMSG 2217 @!@!@
@!@!@STARTMSG 2217:4 @!@!@
50: <Next line 134, col 13 to line 134, col 61 of module ThreeProgramAsynchronous>
/\ k1 = 6
/\ x = 9
/\ k2 = 6
/\ k3 = 3
/\ r1 = 5
/\ r2 = 9
/\ r3 = 10
/\ pc1 = 4
/\ pc2 = 4
/\ pc3 = 3

@!@!@ENDMSG 2217 @!@!@
@!@!@STARTMSG 2217:4 @!@!@
51: <Next line 134, col 13 to line 134, col 61 of module ThreeProgramAsynchronous>
/\ k1 = 6
/\ x = 10
/\ k2 = 6
/\ k3 = 3
/\ r1 = 5
/\ r2 = 9
/\ r3 = 10
/\ pc1 = 4
/\ pc2 = 4
/\ pc3 = 0

@!@!@ENDMSG 2217 @!@!@
@!@!@STARTMSG 2217:4 @!@!@
52: <Next line 134, col 13 to line 134, col 61 of module ThreeProgramAsynchronous>
/\ k1 = 6
/\ x = 10
/\ k2 = 6
/\ k3 = 4
/\ r1 = 5
/\ r2 = 9
/\ r3 = 10
/\ pc1 = 4
/\ pc2 = 4
/\ pc3 = 1

@!@!@ENDMSG 2217 @!@!@
@!@!@STARTMSG 2217:4 @!@!@
53: <Next line 134, col 13 to line 134, col 61 of module ThreeProgramAsynchronous>
/\ k1 = 6
/\ x = 10
/\ k2 = 6
/\ k3 = 4
/\ r1 = 5
/\ r2 = 9
/\ r3 = 10
/\ pc1 = 4
/\ pc2 = 4
/\ pc3 = 2

@!@!@ENDMSG 2217 @!@!@
@!@!@STARTMSG 2217:4 @!@!@
54: <Next line 134, col 13 to line 134, col 61 of module ThreeProgramAsynchronous>
/\ k1 = 6
/\ x = 10
/\ k2 = 6
/\ k3 = 4
/\ r1 = 5
/\ r2 = 9
/\ r3 = 11
/\ pc1 = 4
/\ pc2 = 4
/\ pc3 = 3

@!@!@ENDMSG 2217 @!@!@
@!@!@STARTMSG 2217:4 @!@!@
55: <Next line 134, col 13 to line 134, col 61 of module ThreeProgramAsynchronous>
/\ k1 = 6
/\ x = 11
/\ k2 = 6
/\ k3 = 4
/\ r1 = 5
/\ r2 = 9
/\ r3 = 11
/\ pc1 = 4
/\ pc2 = 4
/\ pc3 = 0

@!@!@ENDMSG 2217 @!@!@
@!@!@STARTMSG 2217:4 @!@!@
56: <Next line 134, col 13 to line 134, col 61 of module ThreeProgramAsynchronous>
/\ k1 = 6
/\ x = 11
/\ k2 = 6
/\ k3 = 5
/\ r1 = 5
/\ r2 = 9
/\ r3 = 11
/\ pc1 = 4
/\ pc2 = 4
/\ pc3 = 1

@!@!@ENDMSG 2217 @!@!@
@!@!@STARTMSG 2217:4 @!@!@
57: <Next line 134, col 13 to line 134, col 61 of module ThreeProgramAsynchronous>
/\ k1 = 6
/\ x = 11
/\ k2 = 6
/\ k3 = 5
/\ r1 = 5
/\ r2 = 9
/\ r3 = 11
/\ pc1 = 4
/\ pc2 = 4
/\ pc3 = 2

@!@!@ENDMSG 2217 @!@!@
@!@!@STARTMSG 2217:4 @!@!@
58: <Next line 134, col 13 to line 134, col 61 of module ThreeProgramAsynchronous>
/\ k1 = 6
/\ x = 11
/\ k2 = 6
/\ k3 = 5
/\ r1 = 5
/\ r2 = 9
/\ r3 = 12
/\ pc1 = 4
/\ pc2 = 4
/\ pc3 = 3

@!@!@ENDMSG 2217 @!@!@
@!@!@STARTMSG 2217:4 @!@!@
59: <Next line 134, col 13 to line 134, col 61 of module ThreeProgramAsynchronous>
/\ k1 = 6
/\ x = 12
/\ k2 = 6
/\ k3 = 5
/\ r1 = 5
/\ r2 = 9
/\ r3 = 12
/\ pc1 = 4
/\ pc2 = 4
/\ pc3 = 0

@!@!@ENDMSG 2217 @!@!@
@!@!@STARTMSG 2217:4 @!@!@
60: <Next line 134, col 13 to line 134, col 61 of module ThreeProgramAsynchronous>
/\ k1 = 6
/\ x = 12
/\ k2 = 6
/\ k3 = 6
/\ r1 = 5
/\ r2 = 9
/\ r3 = 12
/\ pc1 = 4
/\ pc2 = 4
/\ pc3 = 1

@!@!@ENDMSG 2217 @!@!@
@!@!@STARTMSG 2217:4 @!@!@
61: <Next line 134, col 13 to line 134, col 61 of module ThreeProgramAsynchronous>
/\ k1 = 6
/\ x = 12
/\ k2 = 6
/\ k3 = 6
/\ r1 = 5
/\ r2 = 9
/\ r3 = 12
/\ pc1 = 4
/\ pc2 = 4
/\ pc3 = 2

@!@!@ENDMSG 2217 @!@!@
@!@!@STARTMSG 2217:4 @!@!@
62: <Next line 134, col 13 to line 134, col 61 of module ThreeProgramAsynchronous>
/\ k1 = 6
/\ x = 12
/\ k2 = 6
/\ k3 = 6
/\ r1 = 5
/\ r2 = 9
/\ r3 = 13
/\ pc1 = 4
/\ pc2 = 4
/\ pc3 = 3

@!@!@ENDMSG 2217 @!@!@
@!@!@STARTMSG 2217:4 @!@!@
63: <Next line 134, col 13 to line 134, col 61 of module ThreeProgramAsynchronous>
/\ k1 = 6
/\ x = 13
/\ k2 = 6
/\ k3 = 6
/\ r1 = 5
/\ r2 = 9
/\ r3 = 13
/\ pc1 = 4
/\ pc2 = 4
/\ pc3 = 0

@!@!@ENDMSG 2217 @!@!@
@!@!@STARTMSG 2217:4 @!@!@
64: <Next line 134, col 13 to line 134, col 61 of module ThreeProgramAsynchronous>
/\ k1 = 6
/\ x = 13
/\ k2 = 6
/\ k3 = 6
/\ r1 = 5
/\ r2 = 9
/\ r3 = 13
/\ pc1 = 4
/\ pc2 = 4
/\ pc3 = 4

@!@!@ENDMSG 2217 @!@!@
@!@!@STARTMSG 2201:0 @!@!@
The coverage statistics at 2024-02-20 19:18:43
@!@!@ENDMSG 2201 @!@!@
@!@!@STARTMSG 2773:0 @!@!@
<Init line 128, col 1 to line 128, col 4 of module ThreeProgramAsynchronous>: 2:2
@!@!@ENDMSG 2773 @!@!@
@!@!@STARTMSG 2221:0 @!@!@
  line 128, col 9 to line 130, col 16 of module ThreeProgramAsynchronous: 2
@!@!@ENDMSG 2221 @!@!@
@!@!@STARTMSG 2772:0 @!@!@
<Next line 132, col 1 to line 132, col 4 of module ThreeProgramAsynchronous (132 13 132 61)>: 1246678:4886517
@!@!@ENDMSG 2772 @!@!@
@!@!@STARTMSG 2221:0 @!@!@
  line 14, col 11 to line 14, col 17 of module ThreeProgramAsynchronous: 6451093
@!@!@ENDMSG 2221 @!@!@
@!@!@STARTMSG 2221:0 @!@!@
  |line 14, col 11 to line 14, col 13 of module ThreeProgramAsynchronous: 5442440
@!@!@ENDMSG 2221 @!@!@
@!@!@STARTMSG 2221:0 @!@!@
  line 15, col 11 to line 15, col 18 of module ThreeProgramAsynchronous: 1008653
@!@!@ENDMSG 2221 @!@!@
@!@!@STARTMSG 2221:0 @!@!@
  line 16, col 11 to line 16, col 21 of module ThreeProgramAsynchronous: 2578024
@!@!@ENDMSG 2221 @!@!@
@!@!@STARTMSG 2221:0 @!@!@
  |line 16, col 11 to line 16, col 12 of module ThreeProgramAsynchronous: 1569371
@!@!@ENDMSG 2221 @!@!@
@!@!@STARTMSG 2221:0 @!@!@
  |line 16, col 18 to line 16, col 21 of module ThreeProgramAsynchronous: 1569371
@!@!@ENDMSG 2221 @!@!@
@!@!@STARTMSG 2221:0 @!@!@
  line 17, col 11 to line 17, col 22 of module ThreeProgramAsynchronous: 1008653
@!@!@ENDMSG 2221 @!@!@
@!@!@STARTMSG 2221:0 @!@!@
  line 18, col 11 to line 18, col 31 of module ThreeProgramAsynchronous: 1008653
@!@!@ENDMSG 2221 @!@!@
@!@!@STARTMSG 2221:0 @!@!@
  line 20, col 11 to line 20, col 17 of module ThreeProgramAsynchronous: 6451093
@!@!@ENDMSG 2221 @!@!@
@!@!@STARTMSG 2221:0 @!@!@
  |line 20, col 11 to line 20, col 13 of module ThreeProgramAsynchronous: 5442440
@!@!@ENDMSG 2221 @!@!@
@!@!@STARTMSG 2221:0 @!@!@
  line 21, col 11 to line 21, col 18 of module ThreeProgramAsynchronous: 1008653
@!@!@ENDMSG 2221 @!@!@
@!@!@STARTMSG 2221:0 @!@!@
  line 22, col 11 to line 22, col 17 of module ThreeProgramAsynchronous: 1008653
@!@!@ENDMSG 2221 @!@!@
@!@!@STARTMSG 2221:0 @!@!@
  line 23, col 11 to line 23, col 31 of module ThreeProgramAsynchronous: 1008653
@!@!@ENDMSG 2221 @!@!@
@!@!@STARTMSG 2221:0 @!@!@
  line 25, col 11 to line 25, col 17 of module ThreeProgramAsynchronous: 6596685
@!@!@ENDMSG 2221 @!@!@
@!@!@STARTMSG 2221:0 @!@!@
  |line 25, col 11 to line 25, col 13 of module ThreeProgramAsynchronous: 5442440
@!@!@ENDMSG 2221 @!@!@
@!@!@STARTMSG 2221:0 @!@!@
  line 26, col 11 to line 26, col 18 of module ThreeProgramAsynchronous: 1154245
@!@!@ENDMSG 2221 @!@!@
@!@!@STARTMSG 2221:0 @!@!@
  line 27, col 11 to line 27, col 22 of module ThreeProgramAsynchronous: 1154245
@!@!@ENDMSG 2221 @!@!@
@!@!@STARTMSG 2221:0 @!@!@
  line 28, col 11 to line 28, col 31 of module ThreeProgramAsynchronous: 1154245
@!@!@ENDMSG 2221 @!@!@
@!@!@STARTMSG 2221:0 @!@!@
  line 30, col 11 to line 30, col 17 of module ThreeProgramAsynchronous: 6596688
@!@!@ENDMSG 2221 @!@!@
@!@!@STARTMSG 2221:0 @!@!@
  |line 30, col 11 to line 30, col 13 of module ThreeProgramAsynchronous: 5442440
@!@!@ENDMSG 2221 @!@!@
@!@!@STARTMSG 2221:0 @!@!@
  line 31, col 11 to line 31, col 18 of module ThreeProgramAsynchronous: 1154248
@!@!@ENDMSG 2221 @!@!@
@!@!@STARTMSG 2221:0 @!@!@
  line 32, col 11 to line 32, col 17 of module ThreeProgramAsynchronous: 1154248
@!@!@ENDMSG 2221 @!@!@
@!@!@STARTMSG 2221:0 @!@!@
  line 33, col 11 to line 33, col 32 of module ThreeProgramAsynchronous: 1154248
@!@!@ENDMSG 2221 @!@!@
@!@!@STARTMSG 2221:0 @!@!@
  line 35, col 11 to line 35, col 17 of module ThreeProgramAsynchronous: 6003158
@!@!@ENDMSG 2221 @!@!@
@!@!@STARTMSG 2221:0 @!@!@
  |line 35, col 11 to line 35, col 13 of module ThreeProgramAsynchronous: 5442440
@!@!@ENDMSG 2221 @!@!@
@!@!@STARTMSG 2221:0 @!@!@
  line 36, col 11 to line 36, col 18 of module ThreeProgramAsynchronous: 560718
@!@!@ENDMSG 2221 @!@!@
@!@!@STARTMSG 2221:0 @!@!@
  line 37, col 27 to line 37, col 33 of module ThreeProgramAsynchronous: 8644695
@!@!@ENDMSG 2221 @!@!@
@!@!@STARTMSG 2221:0 @!@!@
  |line 37, col 27 to line 37, col 28 of module ThreeProgramAsynchronous: 5841105
@!@!@ENDMSG 2221 @!@!@
@!@!@STARTMSG 2221:0 @!@!@
  |line 37, col 33 to line 37, col 33 of module ThreeProgramAsynchronous: 5841105
@!@!@ENDMSG 2221 @!@!@
@!@!@STARTMSG 2221:0 @!@!@
  line 37, col 20 to line 37, col 23 of module ThreeProgramAsynchronous: 1569371
@!@!@ENDMSG 2221 @!@!@
@!@!@STARTMSG 2221:0 @!@!@
  line 38, col 11 to line 38, col 35 of module ThreeProgramAsynchronous: 560718
@!@!@ENDMSG 2221 @!@!@
@!@!@STARTMSG 2221:0 @!@!@
  line 132, col 22 to line 132, col 61 of module ThreeProgramAsynchronous: 4886517
@!@!@ENDMSG 2221 @!@!@
@!@!@STARTMSG 2772:0 @!@!@
<Next line 132, col 1 to line 132, col 4 of module ThreeProgramAsynchronous (133 13 133 61)>: 1699999:4886519
@!@!@ENDMSG 2772 @!@!@
@!@!@STARTMSG 2221:0 @!@!@
  line 54, col 11 to line 54, col 17 of module ThreeProgramAsynchronous: 6451072
@!@!@ENDMSG 2221 @!@!@
@!@!@STARTMSG 2221:0 @!@!@
  |line 54, col 11 to line 54, col 13 of module ThreeProgramAsynchronous: 5442419
@!@!@ENDMSG 2221 @!@!@
@!@!@STARTMSG 2221:0 @!@!@
  line 55, col 11 to line 55, col 18 of module ThreeProgramAsynchronous: 1008653
@!@!@ENDMSG 2221 @!@!@
@!@!@STARTMSG 2221:0 @!@!@
  line 56, col 11 to line 56, col 21 of module ThreeProgramAsynchronous: 2578024
@!@!@ENDMSG 2221 @!@!@
@!@!@STARTMSG 2221:0 @!@!@
  |line 56, col 11 to line 56, col 12 of module ThreeProgramAsynchronous: 1569371
@!@!@ENDMSG 2221 @!@!@
@!@!@STARTMSG 2221:0 @!@!@
  |line 56, col 18 to line 56, col 21 of module ThreeProgramAsynchronous: 1569371
@!@!@ENDMSG 2221 @!@!@
@!@!@STARTMSG 2221:0 @!@!@
  line 57, col 11 to line 57, col 22 of module ThreeProgramAsynchronous: 1008653
@!@!@ENDMSG 2221 @!@!@
@!@!@STARTMSG 2221:0 @!@!@
  line 58, col 11 to line 58, col 31 of module ThreeProgramAsynchronous: 1008653
@!@!@ENDMSG 2221 @!@!@
@!@!@STARTMSG 2221:0 @!@!@
  line 60, col 11 to line 60, col 17 of module ThreeProgramAsynchronous: 6451073
@!@!@ENDMSG 2221 @!@!@
@!@!@STARTMSG 2221:0 @!@!@
  |line 60, col 11 to line 60, col 13 of module ThreeProgramAsynchronous: 5442419
@!@!@ENDMSG 2221 @!@!@
@!@!@STARTMSG 2221:0 @!@!@
  line 61, col 11 to line 61, col 18 of module ThreeProgramAsynchronous: 1008654
@!@!@ENDMSG 2221 @!@!@
@!@!@STARTMSG 2221:0 @!@!@
  line 62, col 11 to line 62, col 17 of module ThreeProgramAsynchronous: 1008654
@!@!@ENDMSG 2221 @!@!@
@!@!@STARTMSG 2221:0 @!@!@
  line 63, col 11 to line 63, col 31 of module ThreeProgramAsynchronous: 1008654
@!@!@ENDMSG 2221 @!@!@
@!@!@STARTMSG 2221:0 @!@!@
  line 65, col 11 to line 65, col 17 of module ThreeProgramAsynchronous: 6596666
@!@!@ENDMSG 2221 @!@!@
@!@!@STARTMSG 2221:0 @!@!@
  |line 65, col 11 to line 65, col 13 of module ThreeProgramAsynchronous: 5442419
@!@!@ENDMSG 2221 @!@!@
@!@!@STARTMSG 2221:0 @!@!@
  line 66, col 11 to line 66, col 18 of module ThreeProgramAsynchronous: 1154247
@!@!@ENDMSG 2221 @!@!@
@!@!@STARTMSG 2221:0 @!@!@
  line 67, col 11 to line 67, col 22 of module ThreeProgramAsynchronous: 1154247
@!@!@ENDMSG 2221 @!@!@
@!@!@STARTMSG 2221:0 @!@!@
  line 68, col 11 to line 68, col 31 of module ThreeProgramAsynchronous: 1154247
@!@!@ENDMSG 2221 @!@!@
@!@!@STARTMSG 2221:0 @!@!@
  line 70, col 11 to line 70, col 17 of module ThreeProgramAsynchronous: 6596666
@!@!@ENDMSG 2221 @!@!@
@!@!@STARTMSG 2221:0 @!@!@
  |line 70, col 11 to line 70, col 13 of module ThreeProgramAsynchronous: 5442419
@!@!@ENDMSG 2221 @!@!@
@!@!@STARTMSG 2221:0 @!@!@
  line 71, col 11 to line 71, col 18 of module ThreeProgramAsynchronous: 1154247
@!@!@ENDMSG 2221 @!@!@
@!@!@STARTMSG 2221:0 @!@!@
  line 72, col 11 to line 72, col 17 of module ThreeProgramAsynchronous: 1154247
@!@!@ENDMSG 2221 @!@!@
@!@!@STARTMSG 2221:0 @!@!@
  line 73, col 11 to line 73, col 32 of module ThreeProgramAsynchronous: 1154247
@!@!@ENDMSG 2221 @!@!@
@!@!@STARTMSG 2221:0 @!@!@
  line 75, col 11 to line 75, col 17 of module ThreeProgramAsynchronous: 6003137
@!@!@ENDMSG 2221 @!@!@
@!@!@STARTMSG 2221:0 @!@!@
  |line 75, col 11 to line 75, col 13 of module ThreeProgramAsynchronous: 5442419
@!@!@ENDMSG 2221 @!@!@
@!@!@STARTMSG 2221:0 @!@!@
  line 76, col 11 to line 76, col 18 of module ThreeProgramAsynchronous: 560718
@!@!@ENDMSG 2221 @!@!@
@!@!@STARTMSG 2221:0 @!@!@
  line 77, col 27 to line 77, col 33 of module ThreeProgramAsynchronous: 8644695
@!@!@ENDMSG 2221 @!@!@
@!@!@STARTMSG 2221:0 @!@!@
  |line 77, col 27 to line 77, col 28 of module ThreeProgramAsynchronous: 5841105
@!@!@ENDMSG 2221 @!@!@
@!@!@STARTMSG 2221:0 @!@!@
  |line 77, col 33 to line 77, col 33 of module ThreeProgramAsynchronous: 5841105
@!@!@ENDMSG 2221 @!@!@
@!@!@STARTMSG 2221:0 @!@!@
  line 77, col 20 to line 77, col 23 of module ThreeProgramAsynchronous: 1569371
@!@!@ENDMSG 2221 @!@!@
@!@!@STARTMSG 2221:0 @!@!@
  line 78, col 11 to line 78, col 35 of module ThreeProgramAsynchronous: 560718
@!@!@ENDMSG 2221 @!@!@
@!@!@STARTMSG 2221:0 @!@!@
  line 133, col 22 to line 133, col 61 of module ThreeProgramAsynchronous: 4886519
@!@!@ENDMSG 2221 @!@!@
@!@!@STARTMSG 2772:0 @!@!@
<Next line 132, col 1 to line 132, col 4 of module ThreeProgramAsynchronous (134 13 134 61)>: 2500579:4886514
@!@!@ENDMSG 2772 @!@!@
@!@!@STARTMSG 2221:0 @!@!@
  line 94, col 11 to line 94, col 17 of module ThreeProgramAsynchronous: 6451051
@!@!@ENDMSG 2221 @!@!@
@!@!@STARTMSG 2221:0 @!@!@
  |line 94, col 11 to line 94, col 13 of module ThreeProgramAsynchronous: 5442398
@!@!@ENDMSG 2221 @!@!@
@!@!@STARTMSG 2221:0 @!@!@
  line 95, col 11 to line 95, col 18 of module ThreeProgramAsynchronous: 1008653
@!@!@ENDMSG 2221 @!@!@
@!@!@STARTMSG 2221:0 @!@!@
  line 96, col 11 to line 96, col 21 of module ThreeProgramAsynchronous: 2578024
@!@!@ENDMSG 2221 @!@!@
@!@!@STARTMSG 2221:0 @!@!@
  |line 96, col 11 to line 96, col 12 of module ThreeProgramAsynchronous: 1569371
@!@!@ENDMSG 2221 @!@!@
@!@!@STARTMSG 2221:0 @!@!@
  |line 96, col 18 to line 96, col 21 of module ThreeProgramAsynchronous: 1569371
@!@!@ENDMSG 2221 @!@!@
@!@!@STARTMSG 2221:0 @!@!@
  line 97, col 11 to line 97, col 22 of module ThreeProgramAsynchronous: 1008653
@!@!@ENDMSG 2221 @!@!@
@!@!@STARTMSG 2221:0 @!@!@
  line 98, col 11 to line 98, col 31 of module ThreeProgramAsynchronous: 1008653
@!@!@ENDMSG 2221 @!@!@
@!@!@STARTMSG 2221:0 @!@!@
  line 100, col 11 to line 100, col 17 of module ThreeProgramAsynchronous: 6451051
@!@!@ENDMSG 2221 @!@!@
@!@!@STARTMSG 2221:0 @!@!@
  |line 100, col 11 to line 100, col 13 of module ThreeProgramAsynchronous: 5442398
@!@!@ENDMSG 2221 @!@!@
@!@!@STARTMSG 2221:0 @!@!@
  line 101, col 11 to line 101, col 18 of module ThreeProgramAsynchronous: 1008653
@!@!@ENDMSG 2221 @!@!@
@!@!@STARTMSG 2221:0 @!@!@
  line 102, col 11 to line 102, col 17 of module ThreeProgramAsynchronous: 1008653
@!@!@ENDMSG 2221 @!@!@
@!@!@STARTMSG 2221:0 @!@!@
  line 103, col 11 to line 103, col 31 of module ThreeProgramAsynchronous: 1008653
@!@!@ENDMSG 2221 @!@!@
@!@!@STARTMSG 2221:0 @!@!@
  line 105, col 11 to line 105, col 17 of module ThreeProgramAsynchronous: 6596643
@!@!@ENDMSG 2221 @!@!@
@!@!@STARTMSG 2221:0 @!@!@
  |line 105, col 11 to line 105, col 13 of module ThreeProgramAsynchronous: 5442398
@!@!@ENDMSG 2221 @!@!@
@!@!@STARTMSG 2221:0 @!@!@
  line 106, col 11 to line 106, col 18 of module ThreeProgramAsynchronous: 1154245
@!@!@ENDMSG 2221 @!@!@
@!@!@STARTMSG 2221:0 @!@!@
  line 107, col 11 to line 107, col 22 of module ThreeProgramAsynchronous: 1154245
@!@!@ENDMSG 2221 @!@!@
@!@!@STARTMSG 2221:0 @!@!@
  line 108, col 11 to line 108, col 31 of module ThreeProgramAsynchronous: 1154245
@!@!@ENDMSG 2221 @!@!@
@!@!@STARTMSG 2221:0 @!@!@
  line 110, col 11 to line 110, col 17 of module ThreeProgramAsynchronous: 6596643
@!@!@ENDMSG 2221 @!@!@
@!@!@STARTMSG 2221:0 @!@!@
  |line 110, col 11 to line 110, col 13 of module ThreeProgramAsynchronous: 5442398
@!@!@ENDMSG 2221 @!@!@
@!@!@STARTMSG 2221:0 @!@!@
  line 111, col 11 to line 111, col 18 of module ThreeProgramAsynchronous: 1154245
@!@!@ENDMSG 2221 @!@!@
@!@!@STARTMSG 2221:0 @!@!@
  line 112, col 11 to line 112, col 17 of module ThreeProgramAsynchronous: 1154245
@!@!@ENDMSG 2221 @!@!@
@!@!@STARTMSG 2221:0 @!@!@
  line 113, col 11 to line 113, col 32 of module ThreeProgramAsynchronous: 1154245
@!@!@ENDMSG 2221 @!@!@
@!@!@STARTMSG 2221:0 @!@!@
  line 115, col 11 to line 115, col 17 of module ThreeProgramAsynchronous: 6003116
@!@!@ENDMSG 2221 @!@!@
@!@!@STARTMSG 2221:0 @!@!@
  |line 115, col 11 to line 115, col 13 of module ThreeProgramAsynchronous: 5442398
@!@!@ENDMSG 2221 @!@!@
@!@!@STARTMSG 2221:0 @!@!@
  line 116, col 11 to line 116, col 18 of module ThreeProgramAsynchronous: 560718
@!@!@ENDMSG 2221 @!@!@
@!@!@STARTMSG 2221:0 @!@!@
  line 117, col 27 to line 117, col 33 of module ThreeProgramAsynchronous: 8644695
@!@!@ENDMSG 2221 @!@!@
@!@!@STARTMSG 2221:0 @!@!@
  |line 117, col 27 to line 117, col 28 of module ThreeProgramAsynchronous: 5841105
@!@!@ENDMSG 2221 @!@!@
@!@!@STARTMSG 2221:0 @!@!@
  |line 117, col 33 to line 117, col 33 of module ThreeProgramAsynchronous: 5841105
@!@!@ENDMSG 2221 @!@!@
@!@!@STARTMSG 2221:0 @!@!@
  line 117, col 20 to line 117, col 23 of module ThreeProgramAsynchronous: 1569371
@!@!@ENDMSG 2221 @!@!@
@!@!@STARTMSG 2221:0 @!@!@
  line 118, col 11 to line 118, col 35 of module ThreeProgramAsynchronous: 560718
@!@!@ENDMSG 2221 @!@!@
@!@!@STARTMSG 2221:0 @!@!@
  line 134, col 22 to line 134, col 61 of module ThreeProgramAsynchronous: 4886514
@!@!@ENDMSG 2221 @!@!@
@!@!@STARTMSG 2202:0 @!@!@
End of statistics.
@!@!@ENDMSG 2202 @!@!@
@!@!@STARTMSG 2200:0 @!@!@
Progress(64) at 2024-02-20 19:18:43: 14,659,480 states generated (20,998,610 s/min), 5,447,257 distinct states found (7,802,788 ds/min), 4,880 states left on queue.
@!@!@ENDMSG 2200 @!@!@
@!@!@STARTMSG 2199:0 @!@!@
14659480 states generated, 5447257 distinct states found, 4880 states left on queue.
@!@!@ENDMSG 2199 @!@!@
@!@!@STARTMSG 2194:0 @!@!@
The depth of the complete state graph search is 64.
@!@!@ENDMSG 2194 @!@!@
@!@!@STARTMSG 2268:0 @!@!@
The average outdegree of the complete state graph is 1 (minimum is 0, the maximum 3 and the 95th percentile is 2).
@!@!@ENDMSG 2268 @!@!@
@!@!@STARTMSG 2186:0 @!@!@
Finished in 41915ms at (2024-02-20 19:18:43)
@!@!@ENDMSG 2186 @!@!@
